xcode-select: error: tool 'xcodebuild' requires Xcode, but active developer directory '/Library/Developer/CommandLineTools' is a command line tools instance

xcode-select: error: tool 'xcodebuild' requires Xcode, but active developer directory '/Library/Developer/CommandLineTools' is a command line tools instance

Traceback (most recent call last):
  File "/Users/dolindevanbeek/.nvm/versions/node/v5.12.0/lib/node_modules/npm/node_modules/node-gyp/gyp/gyp_main.py", line 16, in <module>
    sys.exit(gyp.script_main())
  File "/Users/dolindevanbeek/.nvm/versions/node/v5.12.0/lib/node_modules/npm/node_modules/node-gyp/gyp/pylib/gyp/__init__.py", line 545, in script_main
    return main(sys.argv[1:])
  File "/Users/dolindevanbeek/.nvm/versions/node/v5.12.0/lib/node_modules/npm/node_modules/node-gyp/gyp/pylib/gyp/__init__.py", line 538, in main
    return gyp_main(args)
  File "/Users/dolindevanbeek/.nvm/versions/node/v5.12.0/lib/node_modules/npm/node_modules/node-gyp/gyp/pylib/gyp/__init__.py", line 523, in gyp_main
    generator.GenerateOutput(flat_list, targets, data, params)
  File "/Users/dolindevanbeek/.nvm/versions/node/v5.12.0/lib/node_modules/npm/node_modules/node-gyp/gyp/pylib/gyp/generator/make.py", line 2170, in GenerateOutput
    part_of_all=qualified_target in needed_targets)
  File "/Users/dolindevanbeek/.nvm/versions/node/v5.12.0/lib/node_modules/npm/node_modules/node-gyp/gyp/pylib/gyp/generator/make.py", line 795, in Write
    self.Pchify))
  File "/Users/dolindevanbeek/.nvm/versions/node/v5.12.0/lib/node_modules/npm/node_modules/node-gyp/gyp/pylib/gyp/generator/make.py", line 1190, in WriteSources
    cflags = self.xcode_settings.GetCflags(configname)
  File "/Users/dolindevanbeek/.nvm/versions/node/v5.12.0/lib/node_modules/npm/node_modules/node-gyp/gyp/pylib/gyp/xcode_emulation.py", line 551, in GetCflags
    archs = self.GetActiveArchs(self.configname)
  File "/Users/dolindevanbeek/.nvm/versions/node/v5.12.0/lib/node_modules/npm/node_modules/node-gyp/gyp/pylib/gyp/xcode_emulation.py", line 420, in GetActiveArchs
    xcode_archs_default = GetXcodeArchsDefault()
  File "/Users/dolindevanbeek/.nvm/versions/node/v5.12.0/lib/node_modules/npm/node_modules/node-gyp/gyp/pylib/gyp/xcode_emulation.py", line 118, in GetXcodeArchsDefault
    xcode_version, _ = XcodeVersion()
  File "/Users/dolindevanbeek/.nvm/versions/node/v5.12.0/lib/node_modules/npm/node_modules/node-gyp/gyp/pylib/gyp/xcode_emulation.py", line 1265, in XcodeVersion
    version = re.match(r'(\d\.\d\.?\d*)', version).groups()[0]
AttributeError: 'NoneType' object has no attribute 'groups'
gyp ERR! configure error 
gyp ERR! stack Error: `gyp` failed with exit code: 1
gyp ERR! stack     at ChildProcess.onCpExit (/Users/dolindevanbeek/.nvm/versions/node/v5.12.0/lib/node_modules/npm/node_modules/node-gyp/lib/configure.js:305:16)
gyp ERR! stack     at emitTwo (events.js:100:13)
gyp ERR! stack     at ChildProcess.emit (events.js:185:7)
gyp ERR! stack     at Process.ChildProcess._handle.onexit (internal/child_process.js:204:12)
gyp ERR! System Darwin 18.2.0
gyp ERR! command "/Users/dolindevanbeek/.nvm/versions/node/v5.12.0/bin/node" "/Users/dolindevanbeek/.nvm/versions/node/v5.12.0/lib/node_modules/npm/node_modules/node-gyp/bin/node-gyp.js" "rebuild"
gyp ERR! cwd /Users/dolindevanbeek/Dropbox/Sites/MDD/hartslagoost/node_modules/ws
gyp ERR! node -v v5.12.0
gyp ERR! node-gyp -v v3.3.1
gyp ERR! not ok 
